2019-04-22 11:59:57,457 INFO org.springframework.boot.StartupInfoLogger [main] Starting MydemoApplication on Raj-PC with PID 5744 (D:\SprongBoot\mydemo\target\classes started by Raj in D:\SprongBoot\mydemo)
2019-04-22 11:59:57,461 INFO org.springframework.boot.SpringApplication [main] No active profile set, falling back to default profiles: default
2019-04-22 11:59:58,747 INFO org.springframework.data.repository.config.RepositoryConfigurationDelegate [main] Bootstrapping Spring Data repositories in DEFAULT mode.
2019-04-22 11:59:58,878 INFO org.springframework.data.repository.config.RepositoryConfigurationDelegate [main] Finished Spring Data repository scanning in 111ms. Found 2 repository interfaces.
2019-04-22 11:59:59,523 INFO org.springframework.context.support.PostProcessorRegistrationDelegate$BeanPostProcessorChecker [main] Bean 'org.springframework.transaction.annotation.ProxyTransactionManagementConfiguration' of type [org.springframework.transaction.annotation.ProxyTransactionManagementConfiguration$$EnhancerBySpringCGLIB$$cafc5d6a] is not eligible for getting processed by all BeanPostProcessors (for example: not eligible for auto-proxying)
2019-04-22 12:00:00,055 INFO org.springframework.boot.web.embedded.tomcat.TomcatWebServer [main] Tomcat initialized with port(s): 8080 (http)
2019-04-22 12:00:00,087 INFO org.apache.juli.logging.DirectJDKLog [main] Initializing ProtocolHandler ["http-nio-8080"]
2019-04-22 12:00:00,097 INFO org.apache.juli.logging.DirectJDKLog [main] Starting service [Tomcat]
2019-04-22 12:00:00,097 INFO org.apache.juli.logging.DirectJDKLog [main] Starting Servlet engine: [Apache Tomcat/9.0.17]
2019-04-22 12:00:00,302 INFO org.apache.juli.logging.DirectJDKLog [main] Initializing Spring embedded WebApplicationContext
2019-04-22 12:00:00,601 INFO com.zaxxer.hikari.HikariDataSource [main] HikariPool-1 - Starting...
2019-04-22 12:00:01,679 INFO com.zaxxer.hikari.HikariDataSource [main] HikariPool-1 - Start completed.
2019-04-22 12:00:01,796 INFO org.hibernate.jpa.internal.util.LogHelper [main] HHH000204: Processing PersistenceUnitInfo [
	name: default
	...]
2019-04-22 12:00:01,962 INFO org.hibernate.Version [main] HHH000412: Hibernate Core {5.3.9.Final}
2019-04-22 12:00:01,968 INFO org.hibernate.cfg.Environment [main] HHH000206: hibernate.properties not found
2019-04-22 12:00:02,251 INFO org.hibernate.annotations.common.reflection.java.JavaReflectionManager [main] HCANN000001: Hibernate Commons Annotations {5.0.4.Final}
2019-04-22 12:00:02,513 INFO org.hibernate.dialect.Dialect [main] HHH000400: Using dialect: org.hibernate.dialect.MySQL5Dialect
2019-04-22 12:00:03,615 INFO org.springframework.orm.jpa.AbstractEntityManagerFactoryBean [main] Initialized JPA EntityManagerFactory for persistence unit 'default'
2019-04-22 12:00:04,364 INFO org.springframework.scheduling.concurrent.ExecutorConfigurationSupport [main] Initializing ExecutorService 'applicationTaskExecutor'
2019-04-22 12:00:04,434 WARN org.springframework.boot.autoconfigure.orm.jpa.JpaBaseConfiguration$JpaWebConfiguration$JpaWebMvcConfiguration [main] spring.jpa.open-in-view is enabled by default. Therefore, database queries may be performed during view rendering. Explicitly configure spring.jpa.open-in-view to disable this warning
2019-04-22 12:00:04,775 INFO org.apache.juli.logging.DirectJDKLog [main] Starting ProtocolHandler ["http-nio-8080"]
2019-04-22 12:00:04,806 INFO org.springframework.boot.web.embedded.tomcat.TomcatWebServer [main] Tomcat started on port(s): 8080 (http) with context path ''
2019-04-22 12:00:04,816 INFO org.springframework.boot.StartupInfoLogger [main] Started MydemoApplication in 8.588 seconds (JVM running for 9.572)
2019-04-22 12:01:13,058 INFO org.springframework.boot.admin.SpringApplicationAdminMXBeanRegistrar$SpringApplicationAdmin [RMI TCP Connection(7)-127.0.0.1] Application shutdown requested.
2019-04-22 12:01:13,068 INFO org.springframework.scheduling.concurrent.ExecutorConfigurationSupport [RMI TCP Connection(7)-127.0.0.1] Shutting down ExecutorService 'applicationTaskExecutor'
2019-04-22 12:01:13,068 INFO org.springframework.orm.jpa.AbstractEntityManagerFactoryBean [RMI TCP Connection(7)-127.0.0.1] Closing JPA EntityManagerFactory for persistence unit 'default'
2019-04-22 12:01:13,099 INFO com.zaxxer.hikari.HikariDataSource [RMI TCP Connection(7)-127.0.0.1] HikariPool-1 - Shutdown initiated...
2019-04-22 12:01:13,109 INFO com.zaxxer.hikari.HikariDataSource [RMI TCP Connection(7)-127.0.0.1] HikariPool-1 - Shutdown completed.
2019-04-22 12:01:58,096 INFO org.springframework.boot.StartupInfoLogger [main] Starting MydemoApplication on Raj-PC with PID 5492 (D:\SprongBoot\mydemo\target\classes started by Raj in D:\SprongBoot\mydemo)
2019-04-22 12:01:58,106 INFO org.springframework.boot.SpringApplication [main] No active profile set, falling back to default profiles: default
2019-04-22 12:01:59,552 INFO org.springframework.data.repository.config.RepositoryConfigurationDelegate [main] Bootstrapping Spring Data repositories in DEFAULT mode.
2019-04-22 12:01:59,663 INFO org.springframework.data.repository.config.RepositoryConfigurationDelegate [main] Finished Spring Data repository scanning in 101ms. Found 2 repository interfaces.
2019-04-22 12:02:00,277 INFO org.springframework.context.support.PostProcessorRegistrationDelegate$BeanPostProcessorChecker [main] Bean 'org.springframework.transaction.annotation.ProxyTransactionManagementConfiguration' of type [org.springframework.transaction.annotation.ProxyTransactionManagementConfiguration$$EnhancerBySpringCGLIB$$1cc57cd7] is not eligible for getting processed by all BeanPostProcessors (for example: not eligible for auto-proxying)
2019-04-22 12:02:00,762 INFO org.springframework.boot.web.embedded.tomcat.TomcatWebServer [main] Tomcat initialized with port(s): 8080 (http)
2019-04-22 12:02:00,783 INFO org.apache.juli.logging.DirectJDKLog [main] Initializing ProtocolHandler ["http-nio-8080"]
2019-04-22 12:02:00,803 INFO org.apache.juli.logging.DirectJDKLog [main] Starting service [Tomcat]
2019-04-22 12:02:00,803 INFO org.apache.juli.logging.DirectJDKLog [main] Starting Servlet engine: [Apache Tomcat/9.0.17]
2019-04-22 12:02:00,987 INFO org.apache.juli.logging.DirectJDKLog [main] Initializing Spring embedded WebApplicationContext
2019-04-22 12:02:00,987 INFO org.springframework.boot.web.servlet.context.ServletWebServerApplicationContext [main] Root WebApplicationContext: initialization completed in 2774 ms
2019-04-22 12:02:01,270 INFO com.zaxxer.hikari.HikariDataSource [main] HikariPool-1 - Starting...
2019-04-22 12:02:02,217 INFO com.zaxxer.hikari.HikariDataSource [main] HikariPool-1 - Start completed.
2019-04-22 12:02:02,308 INFO org.hibernate.jpa.internal.util.LogHelper [main] HHH000204: Processing PersistenceUnitInfo [
	name: default
	...]
2019-04-22 12:02:02,433 INFO org.hibernate.Version [main] HHH000412: Hibernate Core {5.3.9.Final}
2019-04-22 12:02:02,437 INFO org.hibernate.cfg.Environment [main] HHH000206: hibernate.properties not found
2019-04-22 12:02:02,702 INFO org.hibernate.annotations.common.reflection.java.JavaReflectionManager [main] HCANN000001: Hibernate Commons Annotations {5.0.4.Final}
2019-04-22 12:02:02,902 INFO org.hibernate.dialect.Dialect [main] HHH000400: Using dialect: org.hibernate.dialect.MySQL5Dialect
2019-04-22 12:02:03,869 INFO org.springframework.orm.jpa.AbstractEntityManagerFactoryBean [main] Initialized JPA EntityManagerFactory for persistence unit 'default'
2019-04-22 12:02:04,625 INFO org.springframework.scheduling.concurrent.ExecutorConfigurationSupport [main] Initializing ExecutorService 'applicationTaskExecutor'
2019-04-22 12:02:04,695 WARN org.springframework.boot.autoconfigure.orm.jpa.JpaBaseConfiguration$JpaWebConfiguration$JpaWebMvcConfiguration [main] spring.jpa.open-in-view is enabled by default. Therefore, database queries may be performed during view rendering. Explicitly configure spring.jpa.open-in-view to disable this warning
2019-04-22 12:02:05,022 INFO org.apache.juli.logging.DirectJDKLog [main] Starting ProtocolHandler ["http-nio-8080"]
2019-04-22 12:02:05,053 INFO org.springframework.boot.web.embedded.tomcat.TomcatWebServer [main] Tomcat started on port(s): 8080 (http) with context path ''
2019-04-22 12:02:05,063 INFO org.springframework.boot.StartupInfoLogger [main] Started MydemoApplication in 7.99 seconds (JVM running for 9.191)
2019-04-22 12:02:51,046 INFO org.apache.juli.logging.DirectJDKLog [http-nio-8080-exec-1] Initializing Spring DispatcherServlet 'dispatcherServlet'
2019-04-22 12:02:51,047 INFO org.springframework.web.servlet.FrameworkServlet [http-nio-8080-exec-1] Initializing Servlet 'dispatcherServlet'
2019-04-22 12:02:51,063 INFO org.springframework.web.servlet.FrameworkServlet [http-nio-8080-exec-1] Completed initialization in 16 ms
2019-04-22 12:02:51,113 INFO com.hp.mydemo.controller.EmpController [http-nio-8080-exec-1] This is an info message
2019-04-22 12:02:51,114 WARN com.hp.mydemo.controller.EmpController [http-nio-8080-exec-1] This is a warn message
2019-04-22 12:02:51,114 ERROR com.hp.mydemo.controller.EmpController [http-nio-8080-exec-1] This is an error message
2019-04-22 12:10:05,704 INFO org.springframework.boot.admin.SpringApplicationAdminMXBeanRegistrar$SpringApplicationAdmin [RMI TCP Connection(23)-127.0.0.1] Application shutdown requested.
2019-04-22 12:10:05,714 INFO org.springframework.scheduling.concurrent.ExecutorConfigurationSupport [RMI TCP Connection(23)-127.0.0.1] Shutting down ExecutorService 'applicationTaskExecutor'
2019-04-22 12:10:05,714 INFO org.springframework.orm.jpa.AbstractEntityManagerFactoryBean [RMI TCP Connection(23)-127.0.0.1] Closing JPA EntityManagerFactory for persistence unit 'default'
2019-04-22 12:10:05,805 INFO com.zaxxer.hikari.HikariDataSource [RMI TCP Connection(23)-127.0.0.1] HikariPool-1 - Shutdown initiated...
2019-04-22 12:10:05,902 INFO com.zaxxer.hikari.HikariDataSource [RMI TCP Connection(23)-127.0.0.1] HikariPool-1 - Shutdown completed.
2019-04-22 12:10:13,700 INFO org.springframework.boot.StartupInfoLogger [main] Starting MydemoApplication on Raj-PC with PID 4848 (D:\SprongBoot\mydemo\target\classes started by Raj in D:\SprongBoot\mydemo)
2019-04-22 12:10:13,707 INFO org.springframework.boot.SpringApplication [main] No active profile set, falling back to default profiles: default
2019-04-22 12:10:15,284 INFO org.springframework.data.repository.config.RepositoryConfigurationDelegate [main] Bootstrapping Spring Data repositories in DEFAULT mode.
2019-04-22 12:10:15,405 INFO org.springframework.data.repository.config.RepositoryConfigurationDelegate [main] Finished Spring Data repository scanning in 111ms. Found 2 repository interfaces.
2019-04-22 12:10:16,008 INFO org.springframework.context.support.PostProcessorRegistrationDelegate$BeanPostProcessorChecker [main] Bean 'org.springframework.transaction.annotation.ProxyTransactionManagementConfiguration' of type [org.springframework.transaction.annotation.ProxyTransactionManagementConfiguration$$EnhancerBySpringCGLIB$$900c4319] is not eligible for getting processed by all BeanPostProcessors (for example: not eligible for auto-proxying)
2019-04-22 12:10:16,510 INFO org.springframework.boot.web.embedded.tomcat.TomcatWebServer [main] Tomcat initialized with port(s): 8080 (http)
2019-04-22 12:10:16,530 INFO org.apache.juli.logging.DirectJDKLog [main] Initializing ProtocolHandler ["http-nio-8080"]
2019-04-22 12:10:16,550 INFO org.apache.juli.logging.DirectJDKLog [main] Starting service [Tomcat]
2019-04-22 12:10:16,550 INFO org.apache.juli.logging.DirectJDKLog [main] Starting Servlet engine: [Apache Tomcat/9.0.17]
2019-04-22 12:10:16,751 INFO org.apache.juli.logging.DirectJDKLog [main] Initializing Spring embedded WebApplicationContext
2019-04-22 12:10:16,761 INFO org.springframework.boot.web.servlet.context.ServletWebServerApplicationContext [main] Root WebApplicationContext: initialization completed in 2910 ms
2019-04-22 12:10:17,033 INFO com.zaxxer.hikari.HikariDataSource [main] HikariPool-1 - Starting...
2019-04-22 12:10:18,063 INFO com.zaxxer.hikari.HikariDataSource [main] HikariPool-1 - Start completed.
2019-04-22 12:10:18,154 INFO org.hibernate.jpa.internal.util.LogHelper [main] HHH000204: Processing PersistenceUnitInfo [
	name: default
	...]
2019-04-22 12:10:18,273 INFO org.hibernate.Version [main] HHH000412: Hibernate Core {5.3.9.Final}
2019-04-22 12:10:18,276 INFO org.hibernate.cfg.Environment [main] HHH000206: hibernate.properties not found
2019-04-22 12:10:18,587 INFO org.hibernate.annotations.common.reflection.java.JavaReflectionManager [main] HCANN000001: Hibernate Commons Annotations {5.0.4.Final}
2019-04-22 12:10:18,843 INFO org.hibernate.dialect.Dialect [main] HHH000400: Using dialect: org.hibernate.dialect.MySQL5Dialect
2019-04-22 12:10:20,582 INFO org.springframework.orm.jpa.AbstractEntityManagerFactoryBean [main] Initialized JPA EntityManagerFactory for persistence unit 'default'
2019-04-22 12:10:21,503 INFO org.springframework.scheduling.concurrent.ExecutorConfigurationSupport [main] Initializing ExecutorService 'applicationTaskExecutor'
2019-04-22 12:10:21,563 WARN org.springframework.boot.autoconfigure.orm.jpa.JpaBaseConfiguration$JpaWebConfiguration$JpaWebMvcConfiguration [main] spring.jpa.open-in-view is enabled by default. Therefore, database queries may be performed during view rendering. Explicitly configure spring.jpa.open-in-view to disable this warning
2019-04-22 12:10:21,915 INFO org.apache.juli.logging.DirectJDKLog [main] Starting ProtocolHandler ["http-nio-8080"]
2019-04-22 12:10:22,018 INFO org.springframework.boot.web.embedded.tomcat.TomcatWebServer [main] Tomcat started on port(s): 8080 (http) with context path ''
2019-04-22 12:10:22,018 INFO org.springframework.boot.StartupInfoLogger [main] Started MydemoApplication in 9.294 seconds (JVM running for 10.546)
2019-04-22 12:10:59,907 INFO org.apache.juli.logging.DirectJDKLog [http-nio-8080-exec-1] Initializing Spring DispatcherServlet 'dispatcherServlet'
2019-04-22 12:10:59,969 INFO org.springframework.web.servlet.FrameworkServlet [http-nio-8080-exec-1] Initializing Servlet 'dispatcherServlet'
2019-04-22 12:10:59,989 INFO org.springframework.web.servlet.FrameworkServlet [http-nio-8080-exec-1] Completed initialization in 19 ms
2019-04-22 12:11:00,101 WARN com.hp.mydemo.controller.EmpController [http-nio-8080-exec-1] This is a warn message GetMapping
2019-04-22 12:11:00,474 INFO org.hibernate.hql.internal.QueryTranslatorFactoryInitiator [http-nio-8080-exec-1] HHH000397: Using ASTQueryTranslatorFactory
2019-04-22 14:48:59,794 INFO org.springframework.boot.admin.SpringApplicationAdminMXBeanRegistrar$SpringApplicationAdmin [RMI TCP Connection(327)-127.0.0.1] Application shutdown requested.
2019-04-22 14:49:01,315 INFO org.springframework.scheduling.concurrent.ExecutorConfigurationSupport [RMI TCP Connection(327)-127.0.0.1] Shutting down ExecutorService 'applicationTaskExecutor'
2019-04-22 14:49:01,426 INFO org.springframework.orm.jpa.AbstractEntityManagerFactoryBean [RMI TCP Connection(327)-127.0.0.1] Closing JPA EntityManagerFactory for persistence unit 'default'
2019-04-22 14:49:02,225 INFO com.zaxxer.hikari.HikariDataSource [RMI TCP Connection(327)-127.0.0.1] HikariPool-1 - Shutdown initiated...
2019-04-22 14:49:02,405 INFO com.zaxxer.hikari.HikariDataSource [RMI TCP Connection(327)-127.0.0.1] HikariPool-1 - Shutdown completed.
2019-04-22 14:55:50,906 INFO org.springframework.boot.StartupInfoLogger [main] Starting MydemoApplication on Raj-PC with PID 504 (D:\SprongBoot\mydemo\target\classes started by Raj in D:\SprongBoot\mydemo)
2019-04-22 14:55:50,926 INFO org.springframework.boot.SpringApplication [main] No active profile set, falling back to default profiles: default
2019-04-22 14:55:54,478 INFO org.springframework.data.repository.config.RepositoryConfigurationDelegate [main] Bootstrapping Spring Data repositories in DEFAULT mode.
2019-04-22 14:55:54,664 INFO org.springframework.data.repository.config.RepositoryConfigurationDelegate [main] Finished Spring Data repository scanning in 160ms. Found 2 repository interfaces.
2019-04-22 14:55:55,603 INFO org.springframework.context.support.PostProcessorRegistrationDelegate$BeanPostProcessorChecker [main] Bean 'org.springframework.transaction.annotation.ProxyTransactionManagementConfiguration' of type [org.springframework.transaction.annotation.ProxyTransactionManagementConfiguration$$EnhancerBySpringCGLIB$$7ed5170f] is not eligible for getting processed by all BeanPostProcessors (for example: not eligible for auto-proxying)
2019-04-22 14:55:56,765 INFO org.springframework.boot.web.embedded.tomcat.TomcatWebServer [main] Tomcat initialized with port(s): 8080 (http)
2019-04-22 14:55:56,826 INFO org.apache.juli.logging.DirectJDKLog [main] Initializing ProtocolHandler ["http-nio-8080"]
2019-04-22 14:55:56,886 INFO org.apache.juli.logging.DirectJDKLog [main] Starting service [Tomcat]
2019-04-22 14:55:56,886 INFO org.apache.juli.logging.DirectJDKLog [main] Starting Servlet engine: [Apache Tomcat/9.0.17]
2019-04-22 14:55:57,478 INFO org.apache.juli.logging.DirectJDKLog [main] Initializing Spring embedded WebApplicationContext
2019-04-22 14:55:57,478 INFO org.springframework.boot.web.servlet.context.ServletWebServerApplicationContext [main] Root WebApplicationContext: initialization completed in 6252 ms
2019-04-22 14:55:58,213 INFO com.zaxxer.hikari.HikariDataSource [main] HikariPool-1 - Starting...
2019-04-22 14:55:59,793 INFO com.zaxxer.hikari.HikariDataSource [main] HikariPool-1 - Start completed.
2019-04-22 14:56:00,276 INFO org.hibernate.jpa.internal.util.LogHelper [main] HHH000204: Processing PersistenceUnitInfo [
	name: default
	...]
2019-04-22 14:56:00,706 INFO org.hibernate.Version [main] HHH000412: Hibernate Core {5.3.9.Final}
2019-04-22 14:56:00,726 INFO org.hibernate.cfg.Environment [main] HHH000206: hibernate.properties not found
2019-04-22 14:56:01,923 INFO org.hibernate.annotations.common.reflection.java.JavaReflectionManager [main] HCANN000001: Hibernate Commons Annotations {5.0.4.Final}
2019-04-22 14:56:02,444 INFO org.hibernate.dialect.Dialect [main] HHH000400: Using dialect: org.hibernate.dialect.MySQL5Dialect
2019-04-22 14:56:05,286 INFO org.springframework.orm.jpa.AbstractEntityManagerFactoryBean [main] Initialized JPA EntityManagerFactory for persistence unit 'default'
2019-04-22 14:56:06,485 INFO org.springframework.scheduling.concurrent.ExecutorConfigurationSupport [main] Initializing ExecutorService 'applicationTaskExecutor'
2019-04-22 14:56:06,573 WARN org.springframework.boot.autoconfigure.orm.jpa.JpaBaseConfiguration$JpaWebConfiguration$JpaWebMvcConfiguration [main] spring.jpa.open-in-view is enabled by default. Therefore, database queries may be performed during view rendering. Explicitly configure spring.jpa.open-in-view to disable this warning
2019-04-22 14:56:06,969 INFO org.apache.juli.logging.DirectJDKLog [main] Starting ProtocolHandler ["http-nio-8080"]
2019-04-22 14:56:07,133 INFO org.springframework.boot.web.embedded.tomcat.TomcatWebServer [main] Tomcat started on port(s): 8080 (http) with context path ''
2019-04-22 14:56:07,143 INFO org.springframework.boot.StartupInfoLogger [main] Started MydemoApplication in 18.399 seconds (JVM running for 21.988)
2019-04-22 14:56:18,335 INFO org.apache.juli.logging.DirectJDKLog [http-nio-8080-exec-1] Initializing Spring DispatcherServlet 'dispatcherServlet'
2019-04-22 14:56:18,337 INFO org.springframework.web.servlet.FrameworkServlet [http-nio-8080-exec-1] Initializing Servlet 'dispatcherServlet'
2019-04-22 14:56:18,371 INFO org.springframework.web.servlet.FrameworkServlet [http-nio-8080-exec-1] Completed initialization in 33 ms
2019-04-22 14:56:18,460 INFO com.hp.mydemo.controller.EmpController [http-nio-8080-exec-1] This is an info message
2019-04-22 14:56:18,461 WARN com.hp.mydemo.controller.EmpController [http-nio-8080-exec-1] This is a warn message
2019-04-22 14:56:18,462 ERROR com.hp.mydemo.controller.EmpController [http-nio-8080-exec-1] This is an error message
2019-04-22 14:56:59,994 INFO org.springframework.boot.admin.SpringApplicationAdminMXBeanRegistrar$SpringApplicationAdmin [RMI TCP Connection(8)-127.0.0.1] Application shutdown requested.
2019-04-22 14:56:59,994 INFO org.springframework.scheduling.concurrent.ExecutorConfigurationSupport [RMI TCP Connection(8)-127.0.0.1] Shutting down ExecutorService 'applicationTaskExecutor'
2019-04-22 14:57:00,004 INFO org.springframework.orm.jpa.AbstractEntityManagerFactoryBean [RMI TCP Connection(8)-127.0.0.1] Closing JPA EntityManagerFactory for persistence unit 'default'
2019-04-22 14:57:00,004 INFO com.zaxxer.hikari.HikariDataSource [RMI TCP Connection(8)-127.0.0.1] HikariPool-1 - Shutdown initiated...
2019-04-22 14:57:00,033 INFO com.zaxxer.hikari.HikariDataSource [RMI TCP Connection(8)-127.0.0.1] HikariPool-1 - Shutdown completed.
2019-04-22 14:57:03,931 INFO org.springframework.boot.StartupInfoLogger [main] Starting MydemoApplication on Raj-PC with PID 5780 (D:\SprongBoot\mydemo\target\classes started by Raj in D:\SprongBoot\mydemo)
2019-04-22 14:57:03,946 INFO org.springframework.boot.SpringApplication [main] No active profile set, falling back to default profiles: default
2019-04-22 14:57:05,427 INFO org.springframework.data.repository.config.RepositoryConfigurationDelegate [main] Bootstrapping Spring Data repositories in DEFAULT mode.
2019-04-22 14:57:05,544 INFO org.springframework.data.repository.config.RepositoryConfigurationDelegate [main] Finished Spring Data repository scanning in 107ms. Found 2 repository interfaces.
2019-04-22 14:57:06,163 INFO org.springframework.context.support.PostProcessorRegistrationDelegate$BeanPostProcessorChecker [main] Bean 'org.springframework.transaction.annotation.ProxyTransactionManagementConfiguration' of type [org.springframework.transaction.annotation.ProxyTransactionManagementConfiguration$$EnhancerBySpringCGLIB$$8dd48002] is not eligible for getting processed by all BeanPostProcessors (for example: not eligible for auto-proxying)
2019-04-22 14:57:06,696 INFO org.springframework.boot.web.embedded.tomcat.TomcatWebServer [main] Tomcat initialized with port(s): 8080 (http)
2019-04-22 14:57:06,727 INFO org.apache.juli.logging.DirectJDKLog [main] Initializing ProtocolHandler ["http-nio-8080"]
2019-04-22 14:57:06,737 INFO org.apache.juli.logging.DirectJDKLog [main] Starting service [Tomcat]
2019-04-22 14:57:06,737 INFO org.apache.juli.logging.DirectJDKLog [main] Starting Servlet engine: [Apache Tomcat/9.0.17]
2019-04-22 14:57:06,951 INFO org.apache.juli.logging.DirectJDKLog [main] Initializing Spring embedded WebApplicationContext
2019-04-22 14:57:06,951 INFO org.springframework.boot.web.servlet.context.ServletWebServerApplicationContext [main] Root WebApplicationContext: initialization completed in 2820 ms
2019-04-22 14:57:07,266 INFO com.zaxxer.hikari.HikariDataSource [main] HikariPool-1 - Starting...
2019-04-22 14:57:08,405 INFO com.zaxxer.hikari.HikariDataSource [main] HikariPool-1 - Start completed.
2019-04-22 14:57:08,528 INFO org.hibernate.jpa.internal.util.LogHelper [main] HHH000204: Processing PersistenceUnitInfo [
	name: default
	...]
2019-04-22 14:57:08,696 INFO org.hibernate.Version [main] HHH000412: Hibernate Core {5.3.9.Final}
2019-04-22 14:57:08,699 INFO org.hibernate.cfg.Environment [main] HHH000206: hibernate.properties not found
2019-04-22 14:57:09,073 INFO org.hibernate.annotations.common.reflection.java.JavaReflectionManager [main] HCANN000001: Hibernate Commons Annotations {5.0.4.Final}
2019-04-22 14:57:09,405 INFO org.hibernate.dialect.Dialect [main] HHH000400: Using dialect: org.hibernate.dialect.MySQL5Dialect
2019-04-22 14:57:11,364 INFO org.springframework.orm.jpa.AbstractEntityManagerFactoryBean [main] Initialized JPA EntityManagerFactory for persistence unit 'default'
2019-04-22 14:57:12,237 INFO org.springframework.scheduling.concurrent.ExecutorConfigurationSupport [main] Initializing ExecutorService 'applicationTaskExecutor'
2019-04-22 14:57:12,306 WARN org.springframework.boot.autoconfigure.orm.jpa.JpaBaseConfiguration$JpaWebConfiguration$JpaWebMvcConfiguration [main] spring.jpa.open-in-view is enabled by default. Therefore, database queries may be performed during view rendering. Explicitly configure spring.jpa.open-in-view to disable this warning
2019-04-22 14:57:12,713 INFO org.apache.juli.logging.DirectJDKLog [main] Starting ProtocolHandler ["http-nio-8080"]
2019-04-22 14:57:12,752 INFO org.springframework.boot.web.embedded.tomcat.TomcatWebServer [main] Tomcat started on port(s): 8080 (http) with context path ''
2019-04-22 14:57:12,755 INFO org.springframework.boot.StartupInfoLogger [main] Started MydemoApplication in 9.691 seconds (JVM running for 10.748)
2019-04-22 16:55:37,276 INFO org.springframework.boot.admin.SpringApplicationAdminMXBeanRegistrar$SpringApplicationAdmin [RMI TCP Connection(247)-127.0.0.1] Application shutdown requested.
2019-04-22 16:55:36,165 INFO org.springframework.boot.admin.SpringApplicationAdminMXBeanRegistrar$SpringApplicationAdmin [RMI TCP Connection(245)-127.0.0.1] Application shutdown requested.
2019-04-22 16:55:37,246 INFO org.springframework.boot.admin.SpringApplicationAdminMXBeanRegistrar$SpringApplicationAdmin [RMI TCP Connection(248)-127.0.0.1] Application shutdown requested.
2019-04-22 16:55:42,137 INFO org.springframework.scheduling.concurrent.ExecutorConfigurationSupport [RMI TCP Connection(245)-127.0.0.1] Shutting down ExecutorService 'applicationTaskExecutor'
2019-04-22 16:55:42,565 INFO org.springframework.orm.jpa.AbstractEntityManagerFactoryBean [RMI TCP Connection(245)-127.0.0.1] Closing JPA EntityManagerFactory for persistence unit 'default'
2019-04-22 16:55:44,818 INFO com.zaxxer.hikari.HikariDataSource [RMI TCP Connection(245)-127.0.0.1] HikariPool-1 - Shutdown initiated...
2019-04-22 16:55:45,755 INFO com.zaxxer.hikari.HikariDataSource [RMI TCP Connection(245)-127.0.0.1] HikariPool-1 - Shutdown completed.
2019-04-22 17:28:56,858 INFO org.springframework.boot.StartupInfoLogger [main] Starting TestMyDemo on Raj-PC with PID 968 (started by Raj in D:\SprongBoot\mydemo)
2019-04-22 17:28:56,882 INFO org.springframework.boot.SpringApplication [main] No active profile set, falling back to default profiles: default
2019-04-22 17:29:02,596 INFO org.springframework.data.repository.config.RepositoryConfigurationDelegate [main] Bootstrapping Spring Data repositories in DEFAULT mode.
2019-04-22 17:29:03,061 INFO org.springframework.data.repository.config.RepositoryConfigurationDelegate [main] Finished Spring Data repository scanning in 414ms. Found 2 repository interfaces.
2019-04-22 17:29:05,231 INFO org.springframework.context.support.PostProcessorRegistrationDelegate$BeanPostProcessorChecker [main] Bean 'org.springframework.transaction.annotation.ProxyTransactionManagementConfiguration' of type [org.springframework.transaction.annotation.ProxyTransactionManagementConfiguration$$EnhancerBySpringCGLIB$$a79cee84] is not eligible for getting processed by all BeanPostProcessors (for example: not eligible for auto-proxying)
2019-04-22 17:29:06,470 INFO com.zaxxer.hikari.HikariDataSource [main] HikariPool-1 - Starting...
2019-04-22 17:29:09,394 INFO com.zaxxer.hikari.HikariDataSource [main] HikariPool-1 - Start completed.
2019-04-22 17:29:10,657 INFO org.hibernate.jpa.internal.util.LogHelper [main] HHH000204: Processing PersistenceUnitInfo [
	name: default
	...]
2019-04-22 17:29:11,221 INFO org.hibernate.Version [main] HHH000412: Hibernate Core {5.3.9.Final}
2019-04-22 17:29:11,241 INFO org.hibernate.cfg.Environment [main] HHH000206: hibernate.properties not found
2019-04-22 17:29:12,229 INFO org.hibernate.annotations.common.reflection.java.JavaReflectionManager [main] HCANN000001: Hibernate Commons Annotations {5.0.4.Final}
2019-04-22 17:29:13,348 INFO org.hibernate.dialect.Dialect [main] HHH000400: Using dialect: org.hibernate.dialect.MySQL5Dialect
2019-04-22 17:29:18,326 INFO org.springframework.orm.jpa.AbstractEntityManagerFactoryBean [main] Initialized JPA EntityManagerFactory for persistence unit 'default'
2019-04-22 17:29:22,365 INFO org.springframework.scheduling.concurrent.ExecutorConfigurationSupport [main] Initializing ExecutorService 'applicationTaskExecutor'
2019-04-22 17:29:22,587 WARN org.springframework.boot.autoconfigure.orm.jpa.JpaBaseConfiguration$JpaWebConfiguration$JpaWebMvcConfiguration [main] spring.jpa.open-in-view is enabled by default. Therefore, database queries may be performed during view rendering. Explicitly configure spring.jpa.open-in-view to disable this warning
2019-04-22 17:29:23,727 INFO org.springframework.boot.StartupInfoLogger [main] Started TestMyDemo in 30.11 seconds (JVM running for 38.413)
2019-04-22 17:29:24,154 INFO org.springframework.mock.web.MockServletContext [main] Initializing Spring TestDispatcherServlet ''
2019-04-22 17:29:24,154 INFO org.springframework.web.servlet.FrameworkServlet [main] Initializing Servlet ''
2019-04-22 17:29:24,255 INFO org.springframework.web.servlet.FrameworkServlet [main] Completed initialization in 101 ms
2019-04-22 17:29:24,894 INFO org.springframework.mock.web.MockServletContext [main] Initializing Spring TestDispatcherServlet ''
2019-04-22 17:29:24,904 INFO org.springframework.web.servlet.FrameworkServlet [main] Initializing Servlet ''
2019-04-22 17:29:24,914 INFO org.springframework.web.servlet.FrameworkServlet [main] Completed initialization in 10 ms
2019-04-22 17:29:24,968 INFO org.springframework.scheduling.concurrent.ExecutorConfigurationSupport [Thread-3] Shutting down ExecutorService 'applicationTaskExecutor'
2019-04-22 17:29:24,971 INFO org.springframework.orm.jpa.AbstractEntityManagerFactoryBean [Thread-3] Closing JPA EntityManagerFactory for persistence unit 'default'
2019-04-22 17:29:24,979 INFO com.zaxxer.hikari.HikariDataSource [Thread-3] HikariPool-1 - Shutdown initiated...
2019-04-22 17:29:25,039 INFO com.zaxxer.hikari.HikariDataSource [Thread-3] HikariPool-1 - Shutdown completed.
2019-04-22 17:34:03,876 INFO org.springframework.boot.StartupInfoLogger [main] Starting TestMyDemo on Raj-PC with PID 5960 (started by Raj in D:\SprongBoot\mydemo)
2019-04-22 17:34:03,882 INFO org.springframework.boot.SpringApplication [main] No active profile set, falling back to default profiles: default
2019-04-22 17:34:06,563 INFO org.springframework.data.repository.config.RepositoryConfigurationDelegate [main] Bootstrapping Spring Data repositories in DEFAULT mode.
2019-04-22 17:34:06,791 INFO org.springframework.data.repository.config.RepositoryConfigurationDelegate [main] Finished Spring Data repository scanning in 204ms. Found 2 repository interfaces.
2019-04-22 17:34:08,146 INFO org.springframework.context.support.PostProcessorRegistrationDelegate$BeanPostProcessorChecker [main] Bean 'org.springframework.transaction.annotation.ProxyTransactionManagementConfiguration' of type [org.springframework.transaction.annotation.ProxyTransactionManagementConfiguration$$EnhancerBySpringCGLIB$$4d72d455] is not eligible for getting processed by all BeanPostProcessors (for example: not eligible for auto-proxying)
2019-04-22 17:34:08,840 INFO com.zaxxer.hikari.HikariDataSource [main] HikariPool-1 - Starting...
2019-04-22 17:34:10,184 INFO com.zaxxer.hikari.HikariDataSource [main] HikariPool-1 - Start completed.
2019-04-22 17:34:10,821 INFO org.hibernate.jpa.internal.util.LogHelper [main] HHH000204: Processing PersistenceUnitInfo [
	name: default
	...]
2019-04-22 17:34:11,197 INFO org.hibernate.Version [main] HHH000412: Hibernate Core {5.3.9.Final}
2019-04-22 17:34:11,208 INFO org.hibernate.cfg.Environment [main] HHH000206: hibernate.properties not found
2019-04-22 17:34:11,839 INFO org.hibernate.annotations.common.reflection.java.JavaReflectionManager [main] HCANN000001: Hibernate Commons Annotations {5.0.4.Final}
2019-04-22 17:34:12,301 INFO org.hibernate.dialect.Dialect [main] HHH000400: Using dialect: org.hibernate.dialect.MySQL5Dialect
2019-04-22 17:34:14,123 INFO org.springframework.orm.jpa.AbstractEntityManagerFactoryBean [main] Initialized JPA EntityManagerFactory for persistence unit 'default'
2019-04-22 17:34:16,654 INFO org.springframework.scheduling.concurrent.ExecutorConfigurationSupport [main] Initializing ExecutorService 'applicationTaskExecutor'
2019-04-22 17:34:16,819 WARN org.springframework.boot.autoconfigure.orm.jpa.JpaBaseConfiguration$JpaWebConfiguration$JpaWebMvcConfiguration [main] spring.jpa.open-in-view is enabled by default. Therefore, database queries may be performed during view rendering. Explicitly configure spring.jpa.open-in-view to disable this warning
2019-04-22 17:34:17,974 INFO org.springframework.boot.StartupInfoLogger [main] Started TestMyDemo in 15.804 seconds (JVM running for 18.428)
2019-04-22 17:34:18,177 INFO org.springframework.mock.web.MockServletContext [main] Initializing Spring TestDispatcherServlet ''
2019-04-22 17:34:18,178 INFO org.springframework.web.servlet.FrameworkServlet [main] Initializing Servlet ''
2019-04-22 17:34:18,222 INFO org.springframework.web.servlet.FrameworkServlet [main] Completed initialization in 44 ms
2019-04-22 17:34:18,893 INFO org.springframework.mock.web.MockServletContext [main] Initializing Spring TestDispatcherServlet ''
2019-04-22 17:34:18,893 INFO org.springframework.web.servlet.FrameworkServlet [main] Initializing Servlet ''
2019-04-22 17:34:18,903 INFO org.springframework.web.servlet.FrameworkServlet [main] Completed initialization in 10 ms
2019-04-22 17:34:18,971 INFO org.springframework.scheduling.concurrent.ExecutorConfigurationSupport [Thread-3] Shutting down ExecutorService 'applicationTaskExecutor'
2019-04-22 17:34:18,976 INFO org.springframework.orm.jpa.AbstractEntityManagerFactoryBean [Thread-3] Closing JPA EntityManagerFactory for persistence unit 'default'
2019-04-22 17:34:18,981 INFO com.zaxxer.hikari.HikariDataSource [Thread-3] HikariPool-1 - Shutdown initiated...
2019-04-22 17:34:19,003 INFO com.zaxxer.hikari.HikariDataSource [Thread-3] HikariPool-1 - Shutdown completed.
2019-04-22 17:35:58,747 INFO org.springframework.boot.StartupInfoLogger [main] Starting TestMyDemo on Raj-PC with PID 6132 (started by Raj in D:\SprongBoot\mydemo)
2019-04-22 17:35:58,751 INFO org.springframework.boot.SpringApplication [main] No active profile set, falling back to default profiles: default
2019-04-22 17:36:01,379 INFO org.springframework.data.repository.config.RepositoryConfigurationDelegate [main] Bootstrapping Spring Data repositories in DEFAULT mode.
2019-04-22 17:36:01,610 INFO org.springframework.data.repository.config.RepositoryConfigurationDelegate [main] Finished Spring Data repository scanning in 206ms. Found 2 repository interfaces.
2019-04-22 17:36:02,917 INFO org.springframework.context.support.PostProcessorRegistrationDelegate$BeanPostProcessorChecker [main] Bean 'org.springframework.transaction.annotation.ProxyTransactionManagementConfiguration' of type [org.springframework.transaction.annotation.ProxyTransactionManagementConfiguration$$EnhancerBySpringCGLIB$$f6ccc0d9] is not eligible for getting processed by all BeanPostProcessors (for example: not eligible for auto-proxying)
2019-04-22 17:36:03,655 INFO com.zaxxer.hikari.HikariDataSource [main] HikariPool-1 - Starting...
2019-04-22 17:36:04,942 INFO com.zaxxer.hikari.HikariDataSource [main] HikariPool-1 - Start completed.
2019-04-22 17:36:05,298 INFO org.hibernate.jpa.internal.util.LogHelper [main] HHH000204: Processing PersistenceUnitInfo [
	name: default
	...]
2019-04-22 17:36:05,574 INFO org.hibernate.Version [main] HHH000412: Hibernate Core {5.3.9.Final}
2019-04-22 17:36:05,578 INFO org.hibernate.cfg.Environment [main] HHH000206: hibernate.properties not found
2019-04-22 17:36:06,233 INFO org.hibernate.annotations.common.reflection.java.JavaReflectionManager [main] HCANN000001: Hibernate Commons Annotations {5.0.4.Final}
2019-04-22 17:36:06,648 INFO org.hibernate.dialect.Dialect [main] HHH000400: Using dialect: org.hibernate.dialect.MySQL5Dialect
2019-04-22 17:36:08,587 INFO org.springframework.orm.jpa.AbstractEntityManagerFactoryBean [main] Initialized JPA EntityManagerFactory for persistence unit 'default'
2019-04-22 17:36:11,024 INFO org.springframework.scheduling.concurrent.ExecutorConfigurationSupport [main] Initializing ExecutorService 'applicationTaskExecutor'
2019-04-22 17:36:11,185 WARN org.springframework.boot.autoconfigure.orm.jpa.JpaBaseConfiguration$JpaWebConfiguration$JpaWebMvcConfiguration [main] spring.jpa.open-in-view is enabled by default. Therefore, database queries may be performed during view rendering. Explicitly configure spring.jpa.open-in-view to disable this warning
2019-04-22 17:36:12,278 INFO org.springframework.boot.StartupInfoLogger [main] Started TestMyDemo in 14.94 seconds (JVM running for 17.293)
2019-04-22 17:36:12,848 INFO org.springframework.mock.web.MockServletContext [main] Initializing Spring TestDispatcherServlet ''
2019-04-22 17:36:12,849 INFO org.springframework.web.servlet.FrameworkServlet [main] Initializing Servlet ''
2019-04-22 17:36:12,898 INFO org.springframework.web.servlet.FrameworkServlet [main] Completed initialization in 48 ms
2019-04-22 17:36:13,075 INFO org.springframework.mock.web.MockServletContext [main] Initializing Spring TestDispatcherServlet ''
2019-04-22 17:36:13,076 INFO org.springframework.web.servlet.FrameworkServlet [main] Initializing Servlet ''
2019-04-22 17:36:13,079 INFO org.springframework.web.servlet.FrameworkServlet [main] Completed initialization in 3 ms
2019-04-22 17:36:13,162 INFO org.springframework.scheduling.concurrent.ExecutorConfigurationSupport [Thread-3] Shutting down ExecutorService 'applicationTaskExecutor'
2019-04-22 17:36:13,166 INFO org.springframework.orm.jpa.AbstractEntityManagerFactoryBean [Thread-3] Closing JPA EntityManagerFactory for persistence unit 'default'
2019-04-22 17:36:13,171 INFO com.zaxxer.hikari.HikariDataSource [Thread-3] HikariPool-1 - Shutdown initiated...
2019-04-22 17:36:13,240 INFO com.zaxxer.hikari.HikariDataSource [Thread-3] HikariPool-1 - Shutdown completed.
2019-04-22 17:37:40,328 INFO org.springframework.boot.StartupInfoLogger [main] Starting TestMyDemo on Raj-PC with PID 5628 (started by Raj in D:\SprongBoot\mydemo)
2019-04-22 17:37:40,333 INFO org.springframework.boot.SpringApplication [main] No active profile set, falling back to default profiles: default
2019-04-22 17:37:42,747 INFO org.springframework.data.repository.config.RepositoryConfigurationDelegate [main] Bootstrapping Spring Data repositories in DEFAULT mode.
2019-04-22 17:37:42,902 INFO org.springframework.data.repository.config.RepositoryConfigurationDelegate [main] Finished Spring Data repository scanning in 138ms. Found 2 repository interfaces.
2019-04-22 17:37:44,141 INFO org.springframework.context.support.PostProcessorRegistrationDelegate$BeanPostProcessorChecker [main] Bean 'org.springframework.transaction.annotation.ProxyTransactionManagementConfiguration' of type [org.springframework.transaction.annotation.ProxyTransactionManagementConfiguration$$EnhancerBySpringCGLIB$$c2ef755] is not eligible for getting processed by all BeanPostProcessors (for example: not eligible for auto-proxying)
2019-04-22 17:37:45,079 INFO com.zaxxer.hikari.HikariDataSource [main] HikariPool-1 - Starting...
2019-04-22 17:37:46,590 INFO com.zaxxer.hikari.HikariDataSource [main] HikariPool-1 - Start completed.
2019-04-22 17:37:46,804 INFO org.hibernate.jpa.internal.util.LogHelper [main] HHH000204: Processing PersistenceUnitInfo [
	name: default
	...]
2019-04-22 17:37:47,045 INFO org.hibernate.Version [main] HHH000412: Hibernate Core {5.3.9.Final}
2019-04-22 17:37:47,046 INFO org.hibernate.cfg.Environment [main] HHH000206: hibernate.properties not found
2019-04-22 17:37:47,505 INFO org.hibernate.annotations.common.reflection.java.JavaReflectionManager [main] HCANN000001: Hibernate Commons Annotations {5.0.4.Final}
2019-04-22 17:37:47,918 INFO org.hibernate.dialect.Dialect [main] HHH000400: Using dialect: org.hibernate.dialect.MySQL5Dialect
2019-04-22 17:37:49,867 INFO org.springframework.orm.jpa.AbstractEntityManagerFactoryBean [main] Initialized JPA EntityManagerFactory for persistence unit 'default'
2019-04-22 17:37:52,264 INFO org.springframework.scheduling.concurrent.ExecutorConfigurationSupport [main] Initializing ExecutorService 'applicationTaskExecutor'
2019-04-22 17:37:52,443 WARN org.springframework.boot.autoconfigure.orm.jpa.JpaBaseConfiguration$JpaWebConfiguration$JpaWebMvcConfiguration [main] spring.jpa.open-in-view is enabled by default. Therefore, database queries may be performed during view rendering. Explicitly configure spring.jpa.open-in-view to disable this warning
2019-04-22 17:37:53,577 INFO org.springframework.boot.StartupInfoLogger [main] Started TestMyDemo in 14.571 seconds (JVM running for 17.725)
2019-04-22 17:37:53,742 INFO org.springframework.mock.web.MockServletContext [main] Initializing Spring TestDispatcherServlet ''
2019-04-22 17:37:53,743 INFO org.springframework.web.servlet.FrameworkServlet [main] Initializing Servlet ''
2019-04-22 17:37:53,783 INFO org.springframework.web.servlet.FrameworkServlet [main] Completed initialization in 40 ms
2019-04-22 17:37:54,393 INFO org.springframework.mock.web.MockServletContext [main] Initializing Spring TestDispatcherServlet ''
2019-04-22 17:37:54,401 INFO org.springframework.web.servlet.FrameworkServlet [main] Initializing Servlet ''
2019-04-22 17:37:54,405 INFO org.springframework.web.servlet.FrameworkServlet [main] Completed initialization in 4 ms
2019-04-22 17:37:54,456 INFO org.springframework.scheduling.concurrent.ExecutorConfigurationSupport [Thread-3] Shutting down ExecutorService 'applicationTaskExecutor'
2019-04-22 17:37:54,458 INFO org.springframework.orm.jpa.AbstractEntityManagerFactoryBean [Thread-3] Closing JPA EntityManagerFactory for persistence unit 'default'
2019-04-22 17:37:54,470 INFO com.zaxxer.hikari.HikariDataSource [Thread-3] HikariPool-1 - Shutdown initiated...
2019-04-22 17:37:54,505 INFO com.zaxxer.hikari.HikariDataSource [Thread-3] HikariPool-1 - Shutdown completed.
2019-04-22 17:38:50,957 INFO org.springframework.boot.StartupInfoLogger [main] Starting TestMyDemo on Raj-PC with PID 5496 (started by Raj in D:\SprongBoot\mydemo)
2019-04-22 17:38:50,961 INFO org.springframework.boot.SpringApplication [main] No active profile set, falling back to default profiles: default
2019-04-22 17:38:53,935 INFO org.springframework.data.repository.config.RepositoryConfigurationDelegate [main] Bootstrapping Spring Data repositories in DEFAULT mode.
2019-04-22 17:38:54,305 INFO org.springframework.data.repository.config.RepositoryConfigurationDelegate [main] Finished Spring Data repository scanning in 334ms. Found 2 repository interfaces.
2019-04-22 17:38:55,756 INFO org.springframework.context.support.PostProcessorRegistrationDelegate$BeanPostProcessorChecker [main] Bean 'org.springframework.transaction.annotation.ProxyTransactionManagementConfiguration' of type [org.springframework.transaction.annotation.ProxyTransactionManagementConfiguration$$EnhancerBySpringCGLIB$$89a483b5] is not eligible for getting processed by all BeanPostProcessors (for example: not eligible for auto-proxying)
2019-04-22 17:38:56,689 INFO com.zaxxer.hikari.HikariDataSource [main] HikariPool-1 - Starting...
2019-04-22 17:38:57,999 INFO com.zaxxer.hikari.HikariDataSource [main] HikariPool-1 - Start completed.
2019-04-22 17:38:58,215 INFO org.hibernate.jpa.internal.util.LogHelper [main] HHH000204: Processing PersistenceUnitInfo [
	name: default
	...]
2019-04-22 17:38:58,455 INFO org.hibernate.Version [main] HHH000412: Hibernate Core {5.3.9.Final}
2019-04-22 17:38:58,476 INFO org.hibernate.cfg.Environment [main] HHH000206: hibernate.properties not found
2019-04-22 17:38:58,956 INFO org.hibernate.annotations.common.reflection.java.JavaReflectionManager [main] HCANN000001: Hibernate Commons Annotations {5.0.4.Final}
2019-04-22 17:38:59,507 INFO org.hibernate.dialect.Dialect [main] HHH000400: Using dialect: org.hibernate.dialect.MySQL5Dialect
2019-04-22 17:39:01,142 INFO org.springframework.orm.jpa.AbstractEntityManagerFactoryBean [main] Initialized JPA EntityManagerFactory for persistence unit 'default'
2019-04-22 17:39:03,629 INFO org.springframework.scheduling.concurrent.ExecutorConfigurationSupport [main] Initializing ExecutorService 'applicationTaskExecutor'
2019-04-22 17:39:03,789 WARN org.springframework.boot.autoconfigure.orm.jpa.JpaBaseConfiguration$JpaWebConfiguration$JpaWebMvcConfiguration [main] spring.jpa.open-in-view is enabled by default. Therefore, database queries may be performed during view rendering. Explicitly configure spring.jpa.open-in-view to disable this warning
2019-04-22 17:39:04,906 INFO org.springframework.boot.StartupInfoLogger [main] Started TestMyDemo in 15.956 seconds (JVM running for 18.561)
2019-04-22 17:39:05,071 INFO org.springframework.mock.web.MockServletContext [main] Initializing Spring TestDispatcherServlet ''
2019-04-22 17:39:05,072 INFO org.springframework.web.servlet.FrameworkServlet [main] Initializing Servlet ''
2019-04-22 17:39:05,114 INFO org.springframework.web.servlet.FrameworkServlet [main] Completed initialization in 36 ms
2019-04-22 17:39:06,028 WARN com.hp.mydemo.controller.EmpController [main] This is a warn message GetMapping
2019-04-22 17:39:06,371 INFO org.hibernate.hql.internal.QueryTranslatorFactoryInitiator [main] HHH000397: Using ASTQueryTranslatorFactory
2019-04-22 17:39:08,633 INFO org.springframework.mock.web.MockServletContext [main] Initializing Spring TestDispatcherServlet ''
2019-04-22 17:39:08,633 INFO org.springframework.web.servlet.FrameworkServlet [main] Initializing Servlet ''
2019-04-22 17:39:08,643 INFO org.springframework.web.servlet.FrameworkServlet [main] Completed initialization in 10 ms
2019-04-22 17:39:08,739 INFO org.springframework.scheduling.concurrent.ExecutorConfigurationSupport [Thread-3] Shutting down ExecutorService 'applicationTaskExecutor'
2019-04-22 17:39:08,797 INFO org.springframework.orm.jpa.AbstractEntityManagerFactoryBean [Thread-3] Closing JPA EntityManagerFactory for persistence unit 'default'
2019-04-22 17:39:08,802 INFO com.zaxxer.hikari.HikariDataSource [Thread-3] HikariPool-1 - Shutdown initiated...
2019-04-22 17:39:08,836 INFO com.zaxxer.hikari.HikariDataSource [Thread-3] HikariPool-1 - Shutdown completed.
2019-04-22 17:39:34,552 INFO org.springframework.boot.StartupInfoLogger [main] Starting TestMyDemo on Raj-PC with PID 5300 (started by Raj in D:\SprongBoot\mydemo)
2019-04-22 17:39:34,556 INFO org.springframework.boot.SpringApplication [main] No active profile set, falling back to default profiles: default
2019-04-22 17:39:36,474 INFO org.springframework.data.repository.config.RepositoryConfigurationDelegate [main] Bootstrapping Spring Data repositories in DEFAULT mode.
2019-04-22 17:39:36,682 INFO org.springframework.data.repository.config.RepositoryConfigurationDelegate [main] Finished Spring Data repository scanning in 186ms. Found 2 repository interfaces.
2019-04-22 17:39:37,931 INFO org.springframework.context.support.PostProcessorRegistrationDelegate$BeanPostProcessorChecker [main] Bean 'org.springframework.transaction.annotation.ProxyTransactionManagementConfiguration' of type [org.springframework.transaction.annotation.ProxyTransactionManagementConfiguration$$EnhancerBySpringCGLIB$$2e879b3a] is not eligible for getting processed by all BeanPostProcessors (for example: not eligible for auto-proxying)
2019-04-22 17:39:38,619 INFO com.zaxxer.hikari.HikariDataSource [main] HikariPool-1 - Starting...
2019-04-22 17:39:40,672 INFO com.zaxxer.hikari.HikariDataSource [main] HikariPool-1 - Start completed.
2019-04-22 17:39:40,935 INFO org.hibernate.jpa.internal.util.LogHelper [main] HHH000204: Processing PersistenceUnitInfo [
	name: default
	...]
2019-04-22 17:39:41,208 INFO org.hibernate.Version [main] HHH000412: Hibernate Core {5.3.9.Final}
2019-04-22 17:39:41,217 INFO org.hibernate.cfg.Environment [main] HHH000206: hibernate.properties not found
2019-04-22 17:39:41,671 INFO org.hibernate.annotations.common.reflection.java.JavaReflectionManager [main] HCANN000001: Hibernate Commons Annotations {5.0.4.Final}
2019-04-22 17:39:42,054 INFO org.hibernate.dialect.Dialect [main] HHH000400: Using dialect: org.hibernate.dialect.MySQL5Dialect
2019-04-22 17:39:43,850 INFO org.springframework.orm.jpa.AbstractEntityManagerFactoryBean [main] Initialized JPA EntityManagerFactory for persistence unit 'default'
2019-04-22 17:39:46,435 INFO org.springframework.scheduling.concurrent.ExecutorConfigurationSupport [main] Initializing ExecutorService 'applicationTaskExecutor'
2019-04-22 17:39:46,616 WARN org.springframework.boot.autoconfigure.orm.jpa.JpaBaseConfiguration$JpaWebConfiguration$JpaWebMvcConfiguration [main] spring.jpa.open-in-view is enabled by default. Therefore, database queries may be performed during view rendering. Explicitly configure spring.jpa.open-in-view to disable this warning
2019-04-22 17:39:47,625 INFO org.springframework.boot.StartupInfoLogger [main] Started TestMyDemo in 15.882 seconds (JVM running for 18.118)
2019-04-22 17:39:47,820 INFO org.springframework.mock.web.MockServletContext [main] Initializing Spring TestDispatcherServlet ''
2019-04-22 17:39:47,821 INFO org.springframework.web.servlet.FrameworkServlet [main] Initializing Servlet ''
2019-04-22 17:39:47,856 INFO org.springframework.web.servlet.FrameworkServlet [main] Completed initialization in 35 ms
2019-04-22 17:39:48,392 WARN com.hp.mydemo.controller.EmpController [main] This is a warn message GetMapping
2019-04-22 17:39:48,529 INFO org.hibernate.hql.internal.QueryTranslatorFactoryInitiator [main] HHH000397: Using ASTQueryTranslatorFactory
2019-04-22 17:39:49,241 INFO org.springframework.mock.web.MockServletContext [main] Initializing Spring TestDispatcherServlet ''
2019-04-22 17:39:49,241 INFO org.springframework.web.servlet.FrameworkServlet [main] Initializing Servlet ''
2019-04-22 17:39:49,247 INFO org.springframework.web.servlet.FrameworkServlet [main] Completed initialization in 5 ms
2019-04-22 17:39:49,315 INFO org.springframework.scheduling.concurrent.ExecutorConfigurationSupport [Thread-3] Shutting down ExecutorService 'applicationTaskExecutor'
2019-04-22 17:39:49,324 INFO org.springframework.orm.jpa.AbstractEntityManagerFactoryBean [Thread-3] Closing JPA EntityManagerFactory for persistence unit 'default'
2019-04-22 17:39:49,329 INFO com.zaxxer.hikari.HikariDataSource [Thread-3] HikariPool-1 - Shutdown initiated...
2019-04-22 17:39:49,351 INFO com.zaxxer.hikari.HikariDataSource [Thread-3] HikariPool-1 - Shutdown completed.
2019-04-22 17:44:21,827 INFO org.springframework.boot.StartupInfoLogger [main] Starting TestMyDemo on Raj-PC with PID 4184 (started by Raj in D:\SprongBoot\mydemo)
2019-04-22 17:44:21,831 INFO org.springframework.boot.SpringApplication [main] No active profile set, falling back to default profiles: default
2019-04-22 17:44:24,474 INFO org.springframework.data.repository.config.RepositoryConfigurationDelegate [main] Bootstrapping Spring Data repositories in DEFAULT mode.
2019-04-22 17:44:24,666 INFO org.springframework.data.repository.config.RepositoryConfigurationDelegate [main] Finished Spring Data repository scanning in 180ms. Found 2 repository interfaces.
2019-04-22 17:44:26,081 INFO org.springframework.context.support.PostProcessorRegistrationDelegate$BeanPostProcessorChecker [main] Bean 'org.springframework.transaction.annotation.ProxyTransactionManagementConfiguration' of type [org.springframework.transaction.annotation.ProxyTransactionManagementConfiguration$$EnhancerBySpringCGLIB$$310d77ad] is not eligible for getting processed by all BeanPostProcessors (for example: not eligible for auto-proxying)
2019-04-22 17:44:26,674 INFO com.zaxxer.hikari.HikariDataSource [main] HikariPool-1 - Starting...
2019-04-22 17:44:28,351 INFO com.zaxxer.hikari.HikariDataSource [main] HikariPool-1 - Start completed.
2019-04-22 17:44:28,807 INFO org.hibernate.jpa.internal.util.LogHelper [main] HHH000204: Processing PersistenceUnitInfo [
	name: default
	...]
2019-04-22 17:44:29,156 INFO org.hibernate.Version [main] HHH000412: Hibernate Core {5.3.9.Final}
2019-04-22 17:44:29,187 INFO org.hibernate.cfg.Environment [main] HHH000206: hibernate.properties not found
2019-04-22 17:44:29,800 INFO org.hibernate.annotations.common.reflection.java.JavaReflectionManager [main] HCANN000001: Hibernate Commons Annotations {5.0.4.Final}
2019-04-22 17:44:30,267 INFO org.hibernate.dialect.Dialect [main] HHH000400: Using dialect: org.hibernate.dialect.MySQL5Dialect
2019-04-22 17:44:32,008 INFO org.springframework.orm.jpa.AbstractEntityManagerFactoryBean [main] Initialized JPA EntityManagerFactory for persistence unit 'default'
2019-04-22 17:44:34,604 INFO org.springframework.scheduling.concurrent.ExecutorConfigurationSupport [main] Initializing ExecutorService 'applicationTaskExecutor'
2019-04-22 17:44:34,773 WARN org.springframework.boot.autoconfigure.orm.jpa.JpaBaseConfiguration$JpaWebConfiguration$JpaWebMvcConfiguration [main] spring.jpa.open-in-view is enabled by default. Therefore, database queries may be performed during view rendering. Explicitly configure spring.jpa.open-in-view to disable this warning
2019-04-22 17:44:35,906 INFO org.springframework.boot.StartupInfoLogger [main] Started TestMyDemo in 15.347 seconds (JVM running for 17.905)
2019-04-22 17:44:36,088 INFO org.springframework.mock.web.MockServletContext [main] Initializing Spring TestDispatcherServlet ''
2019-04-22 17:44:36,090 INFO org.springframework.web.servlet.FrameworkServlet [main] Initializing Servlet ''
2019-04-22 17:44:36,138 INFO org.springframework.web.servlet.FrameworkServlet [main] Completed initialization in 42 ms
2019-04-22 17:44:38,305 INFO org.springframework.mock.web.MockServletContext [main] Initializing Spring TestDispatcherServlet ''
2019-04-22 17:44:38,305 INFO org.springframework.web.servlet.FrameworkServlet [main] Initializing Servlet ''
2019-04-22 17:44:38,313 INFO org.springframework.web.servlet.FrameworkServlet [main] Completed initialization in 7 ms
2019-04-22 17:44:38,358 INFO org.springframework.scheduling.concurrent.ExecutorConfigurationSupport [Thread-3] Shutting down ExecutorService 'applicationTaskExecutor'
2019-04-22 17:44:38,388 INFO org.springframework.orm.jpa.AbstractEntityManagerFactoryBean [Thread-3] Closing JPA EntityManagerFactory for persistence unit 'default'
2019-04-22 17:44:38,395 INFO com.zaxxer.hikari.HikariDataSource [Thread-3] HikariPool-1 - Shutdown initiated...
2019-04-22 17:44:38,424 INFO com.zaxxer.hikari.HikariDataSource [Thread-3] HikariPool-1 - Shutdown completed.
2019-04-22 17:45:20,721 INFO org.hibernate.validator.internal.util.Version [background-preinit] HV000001: Hibernate Validator 6.0.16.Final
2019-04-22 17:45:20,884 INFO org.springframework.boot.StartupInfoLogger [main] Starting TestMyDemo on Raj-PC with PID 4384 (started by Raj in D:\SprongBoot\mydemo)
2019-04-22 17:45:20,886 INFO org.springframework.boot.SpringApplication [main] No active profile set, falling back to default profiles: default
2019-04-22 17:45:24,092 INFO org.springframework.data.repository.config.RepositoryConfigurationDelegate [main] Bootstrapping Spring Data repositories in DEFAULT mode.
2019-04-22 17:45:24,258 INFO org.springframework.data.repository.config.RepositoryConfigurationDelegate [main] Finished Spring Data repository scanning in 152ms. Found 2 repository interfaces.
2019-04-22 17:45:25,564 INFO org.springframework.context.support.PostProcessorRegistrationDelegate$BeanPostProcessorChecker [main] Bean 'org.springframework.transaction.annotation.ProxyTransactionManagementConfiguration' of type [org.springframework.transaction.annotation.ProxyTransactionManagementConfiguration$$EnhancerBySpringCGLIB$$5f45c9e4] is not eligible for getting processed by all BeanPostProcessors (for example: not eligible for auto-proxying)
2019-04-22 17:45:26,166 INFO com.zaxxer.hikari.HikariDataSource [main] HikariPool-1 - Starting...
2019-04-22 17:45:27,425 INFO com.zaxxer.hikari.HikariDataSource [main] HikariPool-1 - Start completed.
2019-04-22 17:45:27,690 INFO org.hibernate.jpa.internal.util.LogHelper [main] HHH000204: Processing PersistenceUnitInfo [
	name: default
	...]
2019-04-22 17:45:27,977 INFO org.hibernate.Version [main] HHH000412: Hibernate Core {5.3.9.Final}
2019-04-22 17:45:27,986 INFO org.hibernate.cfg.Environment [main] HHH000206: hibernate.properties not found
2019-04-22 17:45:28,463 INFO org.hibernate.annotations.common.reflection.java.JavaReflectionManager [main] HCANN000001: Hibernate Commons Annotations {5.0.4.Final}
2019-04-22 17:45:28,894 INFO org.hibernate.dialect.Dialect [main] HHH000400: Using dialect: org.hibernate.dialect.MySQL5Dialect
2019-04-22 17:45:30,632 INFO org.springframework.orm.jpa.AbstractEntityManagerFactoryBean [main] Initialized JPA EntityManagerFactory for persistence unit 'default'
2019-04-22 17:45:33,297 INFO org.springframework.scheduling.concurrent.ExecutorConfigurationSupport [main] Initializing ExecutorService 'applicationTaskExecutor'
2019-04-22 17:45:33,487 WARN org.springframework.boot.autoconfigure.orm.jpa.JpaBaseConfiguration$JpaWebConfiguration$JpaWebMvcConfiguration [main] spring.jpa.open-in-view is enabled by default. Therefore, database queries may be performed during view rendering. Explicitly configure spring.jpa.open-in-view to disable this warning
2019-04-22 17:45:34,769 INFO org.springframework.boot.StartupInfoLogger [main] Started TestMyDemo in 14.961 seconds (JVM running for 17.35)
2019-04-22 17:45:34,917 INFO org.springframework.mock.web.MockServletContext [main] Initializing Spring TestDispatcherServlet ''
2019-04-22 17:45:34,924 INFO org.springframework.web.servlet.FrameworkServlet [main] Initializing Servlet ''
2019-04-22 17:45:34,983 INFO org.springframework.web.servlet.FrameworkServlet [main] Completed initialization in 58 ms
2019-04-22 17:45:36,086 INFO org.springframework.mock.web.MockServletContext [main] Initializing Spring TestDispatcherServlet ''
2019-04-22 17:45:36,087 INFO org.springframework.web.servlet.FrameworkServlet [main] Initializing Servlet ''
2019-04-22 17:45:36,096 INFO org.springframework.web.servlet.FrameworkServlet [main] Completed initialization in 9 ms
2019-04-22 17:45:36,169 INFO org.springframework.scheduling.concurrent.ExecutorConfigurationSupport [Thread-3] Shutting down ExecutorService 'applicationTaskExecutor'
2019-04-22 17:45:36,171 INFO org.springframework.orm.jpa.AbstractEntityManagerFactoryBean [Thread-3] Closing JPA EntityManagerFactory for persistence unit 'default'
2019-04-22 17:45:36,213 INFO com.zaxxer.hikari.HikariDataSource [Thread-3] HikariPool-1 - Shutdown initiated...
2019-04-22 17:45:36,231 INFO com.zaxxer.hikari.HikariDataSource [Thread-3] HikariPool-1 - Shutdown completed.
2019-04-22 17:45:52,040 INFO org.springframework.boot.StartupInfoLogger [main] Starting TestMyDemo on Raj-PC with PID 3392 (started by Raj in D:\SprongBoot\mydemo)
2019-04-22 17:45:52,046 INFO org.springframework.boot.SpringApplication [main] No active profile set, falling back to default profiles: default
2019-04-22 17:45:54,069 INFO org.springframework.data.repository.config.RepositoryConfigurationDelegate [main] Bootstrapping Spring Data repositories in DEFAULT mode.
2019-04-22 17:45:54,272 INFO org.springframework.data.repository.config.RepositoryConfigurationDelegate [main] Finished Spring Data repository scanning in 193ms. Found 2 repository interfaces.
2019-04-22 17:45:55,640 INFO org.springframework.context.support.PostProcessorRegistrationDelegate$BeanPostProcessorChecker [main] Bean 'org.springframework.transaction.annotation.ProxyTransactionManagementConfiguration' of type [org.springframework.transaction.annotation.ProxyTransactionManagementConfiguration$$EnhancerBySpringCGLIB$$2e879b3a] is not eligible for getting processed by all BeanPostProcessors (for example: not eligible for auto-proxying)
2019-04-22 17:45:56,401 INFO com.zaxxer.hikari.HikariDataSource [main] HikariPool-1 - Starting...
2019-04-22 17:45:57,796 INFO com.zaxxer.hikari.HikariDataSource [main] HikariPool-1 - Start completed.
2019-04-22 17:45:58,122 INFO org.hibernate.jpa.internal.util.LogHelper [main] HHH000204: Processing PersistenceUnitInfo [
	name: default
	...]
2019-04-22 17:45:58,412 INFO org.hibernate.Version [main] HHH000412: Hibernate Core {5.3.9.Final}
2019-04-22 17:45:58,416 INFO org.hibernate.cfg.Environment [main] HHH000206: hibernate.properties not found
2019-04-22 17:45:58,903 INFO org.hibernate.annotations.common.reflection.java.JavaReflectionManager [main] HCANN000001: Hibernate Commons Annotations {5.0.4.Final}
2019-04-22 17:45:59,402 INFO org.hibernate.dialect.Dialect [main] HHH000400: Using dialect: org.hibernate.dialect.MySQL5Dialect
2019-04-22 17:46:01,160 INFO org.springframework.orm.jpa.AbstractEntityManagerFactoryBean [main] Initialized JPA EntityManagerFactory for persistence unit 'default'
2019-04-22 17:46:03,599 INFO org.springframework.scheduling.concurrent.ExecutorConfigurationSupport [main] Initializing ExecutorService 'applicationTaskExecutor'
2019-04-22 17:46:03,764 WARN org.springframework.boot.autoconfigure.orm.jpa.JpaBaseConfiguration$JpaWebConfiguration$JpaWebMvcConfiguration [main] spring.jpa.open-in-view is enabled by default. Therefore, database queries may be performed during view rendering. Explicitly configure spring.jpa.open-in-view to disable this warning
2019-04-22 17:46:04,753 INFO org.springframework.boot.StartupInfoLogger [main] Started TestMyDemo in 15.275 seconds (JVM running for 17.427)
2019-04-22 17:46:05,515 INFO org.springframework.mock.web.MockServletContext [main] Initializing Spring TestDispatcherServlet ''
2019-04-22 17:46:05,516 INFO org.springframework.web.servlet.FrameworkServlet [main] Initializing Servlet ''
2019-04-22 17:46:05,560 INFO org.springframework.web.servlet.FrameworkServlet [main] Completed initialization in 42 ms
2019-04-22 17:46:06,046 INFO org.springframework.mock.web.MockServletContext [main] Initializing Spring TestDispatcherServlet ''
2019-04-22 17:46:06,047 INFO org.springframework.web.servlet.FrameworkServlet [main] Initializing Servlet ''
2019-04-22 17:46:06,051 INFO org.springframework.web.servlet.FrameworkServlet [main] Completed initialization in 4 ms
2019-04-22 17:46:06,119 INFO org.springframework.scheduling.concurrent.ExecutorConfigurationSupport [Thread-3] Shutting down ExecutorService 'applicationTaskExecutor'
2019-04-22 17:46:06,124 INFO org.springframework.orm.jpa.AbstractEntityManagerFactoryBean [Thread-3] Closing JPA EntityManagerFactory for persistence unit 'default'
2019-04-22 17:46:06,129 INFO com.zaxxer.hikari.HikariDataSource [Thread-3] HikariPool-1 - Shutdown initiated...
2019-04-22 17:46:06,150 INFO com.zaxxer.hikari.HikariDataSource [Thread-3] HikariPool-1 - Shutdown completed.
